{
  "RSpec": {
    "coverage": {
      "/Users/alexnsouza6/Desktop/UnB/DevApp/PokeDexAPI/app/uploaders/image_url_uploader.rb": [
        null,
        null,
        0,
        null,
        null,
        null,
        null,
        null,
        0,
        null,
        null,
        null,
        null,
        0,
        0,
        0,
        null,
        null,
        null,
        null,
        null,
        null,
        null,
        null,
        null,
        null,
        null,
        null,
        null,
        null,
        null,
        null,
        null,
        null,
        null,
        null,
        null,
        null,
        null,
        0,
        0,
        0,
        null,
        null,
        null,
        null,
        null,
        null,
        0
      ],
      "/Users/alexnsouza6/Desktop/UnB/DevApp/PokeDexAPI/app/mailers/application_mailer.rb": [
        0,
        0,
        0,
        0
      ],
      "/Users/alexnsouza6/Desktop/UnB/DevApp/PokeDexAPI/app/models/pokemon_type.rb": [
        null,
        0,
        null,
        null,
        0,
        0,
        0
      ],
      "/Users/alexnsouza6/Desktop/UnB/DevApp/PokeDexAPI/app/models/pokemon.rb": [
        null,
        null,
        null,
        0,
        null,
        0,
        0,
        null,
        0,
        null,
        0,
        0,
        null,
        null,
        0,
        null,
        0,
        0
      ],
      "/Users/alexnsouza6/Desktop/UnB/DevApp/PokeDexAPI/app/models/type.rb": [
        0,
        null,
        0,
        0,
        null,
        null,
        0,
        0
      ],
      "/Users/alexnsouza6/Desktop/UnB/DevApp/PokeDexAPI/app/models/application_record.rb": [
        0,
        0,
        0
      ],
      "/Users/alexnsouza6/Desktop/UnB/DevApp/PokeDexAPI/app/serializers/pokemon_serializer.rb": [
        null,
        null,
        0,
        0,
        0,
        null,
        0,
        0,
        null,
        0,
        0,
        0
      ],
      "/Users/alexnsouza6/Desktop/UnB/DevApp/PokeDexAPI/app/jobs/application_job.rb": [
        0,
        0
      ],
      "/Users/alexnsouza6/Desktop/UnB/DevApp/PokeDexAPI/app/controllers/application_controller.rb": [
        0,
        0
      ],
      "/Users/alexnsouza6/Desktop/UnB/DevApp/PokeDexAPI/app/controllers/api/v1/pokemons_controller.rb": [
        null,
        null,
        null,
        0,
        0,
        0,
        0,
        0,
        null,
        0,
        0,
        0,
        0,
        null,
        0,
        0,
        0,
        0,
        0,
        0,
        0,
        0,
        null,
        0,
        0,
        0,
        0,
        0,
        0,
        0,
        0,
        null,
        0,
        0,
        0,
        0,
        0,
        0,
        0,
        0,
        0,
        null,
        0,
        0,
        0,
        0,
        0,
        null,
        0,
        null,
        0,
        0,
        0,
        0
      ],
      "/Users/alexnsouza6/Desktop/UnB/DevApp/PokeDexAPI/app/channels/application_cable/connection.rb": [
        0,
        0,
        0,
        0
      ],
      "/Users/alexnsouza6/Desktop/UnB/DevApp/PokeDexAPI/app/channels/application_cable/channel.rb": [
        0,
        0,
        0,
        0
      ]
    },
    "timestamp": 1572407639
  }
}
