{
  "RSpec": {
    "coverage": {
      "/Users/alexnsouza6/Desktop/Pessoal/Projects/PokedexAPI/app/models/pokemon.rb": [
        null,
        null,
        null,
        1,
        null,
        1,
        null,
        null,
        1,
        null,
        1,
        1,
        null,
        null,
        1,
        null,
        1,
        null
      ],
      "/Users/alexnsouza6/Desktop/Pessoal/Projects/PokedexAPI/app/models/application_record.rb": [
        1,
        1,
        null
      ],
      "/Users/alexnsouza6/Desktop/Pessoal/Projects/PokedexAPI/app/uploaders/image_url_uploader.rb": [
        null,
        null,
        1,
        null,
        null,
        null,
        null,
        null,
        1,
        null,
        null,
        null,
        null,
        1,
        0,
        null,
        null,
        null,
        null,
        null,
        null,
        null,
        null,
        null,
        null,
        null,
        null,
        null,
        null,
        null,
        null,
        null,
        null,
        null,
        null,
        null,
        null,
        null,
        null,
        1,
        0,
        null,
        null,
        null,
        null,
        null,
        null,
        null,
        null
      ],
      "/Users/alexnsouza6/Desktop/Pessoal/Projects/PokedexAPI/app/controllers/api/v1/pokemons_controller.rb": [
        null,
        null,
        null,
        1,
        1,
        0,
        0,
        null,
        null,
        1,
        2,
        2,
        null,
        null,
        1,
        0,
        0,
        0,
        null,
        0,
        null,
        null,
        null,
        1,
        0,
        0,
        0,
        0,
        0,
        null,
        0,
        null,
        null,
        null,
        1,
        0,
        0,
        0,
        0,
        null,
        0,
        null,
        null,
        null,
        1,
        0,
        0,
        0,
        null,
        null,
        1,
        null,
        1,
        0,
        null,
        null
      ],
      "/Users/alexnsouza6/Desktop/Pessoal/Projects/PokedexAPI/app/controllers/application_controller.rb": [
        1,
        null
      ],
      "/Users/alexnsouza6/Desktop/Pessoal/Projects/PokedexAPI/app/serializers/pokemon_serializer.rb": [
        null,
        null,
        1,
        1,
        1,
        null,
        1,
        4,
        null,
        0,
        null,
        null
      ],
      "/Users/alexnsouza6/Desktop/Pessoal/Projects/PokedexAPI/app/models/pokemon_type.rb": [
        null,
        1,
        null,
        null,
        1,
        1,
        null
      ],
      "/Users/alexnsouza6/Desktop/Pessoal/Projects/PokedexAPI/app/models/type.rb": [
        1,
        null,
        1,
        1,
        null,
        null,
        1,
        null
      ],
      "/Users/alexnsouza6/Desktop/Pessoal/Projects/PokedexAPI/app/mailers/application_mailer.rb": [
        0,
        0,
        0,
        0
      ],
      "/Users/alexnsouza6/Desktop/Pessoal/Projects/PokedexAPI/app/jobs/application_job.rb": [
        0,
        0
      ],
      "/Users/alexnsouza6/Desktop/Pessoal/Projects/PokedexAPI/app/channels/application_cable/connection.rb": [
        0,
        0,
        0,
        0
      ],
      "/Users/alexnsouza6/Desktop/Pessoal/Projects/PokedexAPI/app/channels/application_cable/channel.rb": [
        0,
        0,
        0,
        0
      ]
    },
    "timestamp": 1556630516
  }
}
